<?xml version="1.0" encoding="UTF-8"?>
<!-- Generated by org.testng.reporters.JUnitXMLReporter -->
<testsuite hostname="J-DEV" name="Default test" tests="5" failures="0" timestamp="10 Oct 2015 18:47:26 GMT" time="4.326" errors="0">
  <testcase name="testPutObject" time="1.875" classname="org.jgroups.protocols.aws.s3.AWS_AUTH4Test"/>
  <testcase name="testGetBucketLocation" time="0.848" classname="org.jgroups.protocols.aws.s3.AWS_AUTH4Test"/>
  <testcase name="testGetObject" time="0.235" classname="org.jgroups.protocols.aws.s3.AWS_AUTH4Test"/>
  <testcase name="testGetPresignedURL" time="0.766" classname="org.jgroups.protocols.aws.s3.AWS_AUTH4Test"/>
  <testcase name="testGetService" time="0.532" classname="org.jgroups.protocols.aws.s3.AWS_AUTH4Test"/>
</testsuite> <!-- Default test -->
