<?xml version="1.0" encoding="UTF-8"?>
<!-- Generated by org.testng.reporters.JUnitXMLReporter -->
<testsuite hostname="J-DEV" name="Default test" tests="5" failures="0" timestamp="28 Nov 2015 19:53:35 GMT" time="4.131" errors="0">
  <testcase name="testPutObject" time="1.407" classname="org.jgroups.protocols.aws.s3.AWS_AUTH4Test"/>
  <testcase name="testGetBucketLocation" time="0.792" classname="org.jgroups.protocols.aws.s3.AWS_AUTH4Test"/>
  <testcase name="testGetObject" time="0.171" classname="org.jgroups.protocols.aws.s3.AWS_AUTH4Test"/>
  <testcase name="testGetPresignedURL" time="0.75" classname="org.jgroups.protocols.aws.s3.AWS_AUTH4Test"/>
  <testcase name="testGetService" time="0.953" classname="org.jgroups.protocols.aws.s3.AWS_AUTH4Test"/>
</testsuite> <!-- Default test -->
